0 silly input [ 'build' ]
1 silly flags {
1 silly flags   _: [ 'run' ],
1 silly flags   'reject-cycles': false,
1 silly flags   rejectCycles: false,
1 silly flags   script: 'build',
1 silly flags   args: []
1 silly flags }
2 verbose rootPath /Users/xujun/Documents/codes/webDocker
3 info version 2.11.0
4 silly existsSync /Users/xujun/Documents/codes/webDocker/VERSION
5 silly initialize attempt
6 silly initialize success
7 silly execute attempt
8 silly runScriptInDir build [] core
9 silly getExecOpts { cwd: '/Users/xujun/Documents/codes/webDocker/packages/core' }
10 error build Errored while running script in '@webdocker/core'
11 error execute callback with error
12 error Error: Command failed: yarn run build
12 error error Command failed with exit code 2.
12 error $ rm -rf lib && tsc
12 error src/sandbox/css.ts(1,21): error TS2307: Cannot find module 'postcss' or its corresponding type declarations.
12 error src/sandbox/css.ts(2,32): error TS2307: Cannot find module 'postcss' or its corresponding type declarations.
12 error info Visit https://yarnpkg.com/en/docs/cli/run for documentation about this command.
12 error
12 error     at /Users/xujun/Documents/codes/webDocker/node_modules/execa/index.js:236:11
